# JRE version: OpenJDK Runtime Environment (8.0_242-b01) (build 1.8.0_242-release-1644-b01)
# Java VM: OpenJDK 64-Bit Server VM (25.242-b01 mixed mode windows-amd64 compressed oops)
Heap:
 PSYoungGen      total 645120K, used 102489K [0x00000000d5580000, 0x0000000100000000, 0x0000000100000000)
  eden space 599040K, 10% used [0x00000000d5580000,0x00000000d90ea8b8,0x00000000f9e80000)
  from space 46080K, 90% used [0x00000000f9e80000,0x00000000fc72bdf8,0x00000000fcb80000)
  to   space 51200K, 0% used [0x00000000fce00000,0x00000000fce00000,0x0000000100000000)
 ParOldGen       total 550400K, used 477907K [0x0000000080000000, 0x00000000a1980000, 0x00000000d5580000)
  object space 550400K, 86% used [0x0000000080000000,0x000000009d2b4db8,0x00000000a1980000)
 Metaspace       used 155542K, capacity 166714K, committed 166936K, reserved 1196032K
  class space    used 19206K, capacity 21171K, committed 21288K, reserved 1048576K
GC Heap History (10 events):
Event: 10915.935 GC heap before
{Heap before GC invocations=110 (full 9):
 PSYoungGen      total 630272K, used 599285K [0x00000000d5580000, 0x00000000ff880000, 0x0000000100000000)
  eden space 578560K, 100% used [0x00000000d5580000,0x00000000f8a80000,0x00000000f8a80000)
  from space 51712K, 40% used [0x00000000fc600000,0x00000000fda3d660,0x00000000ff880000)
  to   space 56320K, 0% used [0x00000000f8a80000,0x00000000f8a80000,0x00000000fc180000)
 ParOldGen       total 550400K, used 477891K [0x0000000080000000, 0x00000000a1980000, 0x00000000d5580000)
  object space 550400K, 86% used [0x0000000080000000,0x000000009d2b0db8,0x00000000a1980000)
 Metaspace       used 150519K, capacity 161314K, committed 161688K, reserved 1189888K
  class space    used 18622K, capacity 20519K, committed 20648K, reserved 1048576K
Event: 10915.956 GC heap after
Heap after GC invocations=110 (full 9):
 PSYoungGen      total 634880K, used 19669K [0x00000000d5580000, 0x00000000ffe80000, 0x0000000100000000)
  eden space 578560K, 0% used [0x00000000d5580000,0x00000000d5580000,0x00000000f8a80000)
  from space 56320K, 34% used [0x00000000f8a80000,0x00000000f9db5698,0x00000000fc180000)
  to   space 53248K, 0% used [0x00000000fca80000,0x00000000fca80000,0x00000000ffe80000)
 ParOldGen       total 550400K, used 477899K [0x0000000080000000, 0x00000000a1980000, 0x00000000d5580000)
  object space 550400K, 86% used [0x0000000080000000,0x000000009d2b2db8,0x00000000a1980000)
 Metaspace       used 150519K, capacity 161314K, committed 161688K, reserved 1189888K
  class space    used 18622K, capacity 20519K, committed 20648K, reserved 1048576K
}
Event: 10942.967 GC heap before
{Heap before GC invocations=111 (full 9):
 PSYoungGen      total 634880K, used 598229K [0x00000000d5580000, 0x00000000ffe80000, 0x0000000100000000)
  eden space 578560K, 100% used [0x00000000d5580000,0x00000000f8a80000,0x00000000f8a80000)
  from space 56320K, 34% used [0x00000000f8a80000,0x00000000f9db5698,0x00000000fc180000)
  to   space 53248K, 0% used [0x00000000fca80000,0x00000000fca80000,0x00000000ffe80000)
 ParOldGen       total 550400K, used 477899K [0x0000000080000000, 0x00000000a1980000, 0x00000000d5580000)
  object space 550400K, 86% used [0x0000000080000000,0x000000009d2b2db8,0x00000000a1980000)
 Metaspace       used 155172K, capacity 166188K, committed 166296K, reserved 1193984K
  class space    used 19174K, capacity 21116K, committed 21160K, reserved 1048576K
Event: 10942.984 GC heap after
Heap after GC invocations=111 (full 9):
 PSYoungGen      total 636928K, used 14767K [0x00000000d5580000, 0x00000000ff900000, 0x0000000100000000)
  eden space 589312K, 0% used [0x00000000d5580000,0x00000000d5580000,0x00000000f9500000)
  from space 47616K, 31% used [0x00000000fca80000,0x00000000fd8ebdc8,0x00000000ff900000)
  to   space 51200K, 0% used [0x00000000f9500000,0x00000000f9500000,0x00000000fc700000)
 ParOldGen       total 550400K, used 477899K [0x0000000080000000, 0x00000000a1980000, 0x00000000d5580000)
  object space 550400K, 86% used [0x0000000080000000,0x000000009d2b2db8,0x00000000a1980000)
 Metaspace       used 155172K, capacity 166188K, committed 166296K, reserved 1193984K
  class space    used 19174K, capacity 21116K, committed 21160K, reserved 1048576K
}
Event: 11124.267 GC heap before
{Heap before GC invocations=112 (full 9):
 PSYoungGen      total 636928K, used 604079K [0x00000000d5580000, 0x00000000ff900000, 0x0000000100000000)
  eden space 589312K, 100% used [0x00000000d5580000,0x00000000f9500000,0x00000000f9500000)
  from space 47616K, 31% used [0x00000000fca80000,0x00000000fd8ebdc8,0x00000000ff900000)
  to   space 51200K, 0% used [0x00000000f9500000,0x00000000f9500000,0x00000000fc700000)
 ParOldGen       total 550400K, used 477899K [0x0000000080000000, 0x00000000a1980000, 0x00000000d5580000)
  object space 550400K, 86% used [0x0000000080000000,0x000000009d2b2db8,0x00000000a1980000)
 Metaspace       used 155329K, capacity 166460K, committed 166552K, reserved 1193984K
  class space    used 19188K, capacity 21140K, committed 21160K, reserved 1048576K
Event: 11124.291 GC heap after
Heap after GC invocations=112 (full 9):
 PSYoungGen      total 640512K, used 21594K [0x00000000d5580000, 0x00000000ffe80000, 0x0000000100000000)
  eden space 589312K, 0% used [0x00000000d5580000,0x00000000d5580000,0x00000000f9500000)
  from space 51200K, 42% used [0x00000000f9500000,0x00000000faa16a10,0x00000000fc700000)
  to   space 48640K, 0% used [0x00000000fcf00000,0x00000000fcf00000,0x00000000ffe80000)
 ParOldGen       total 550400K, used 477899K [0x0000000080000000, 0x00000000a1980000, 0x00000000d5580000)
  object space 550400K, 86% used [0x0000000080000000,0x000000009d2b2db8,0x00000000a1980000)
 Metaspace       used 155329K, capacity 166460K, committed 166552K, reserved 1193984K
  class space    used 19188K, capacity 21140K, committed 21160K, reserved 1048576K
}
Event: 11430.556 GC heap before
{Heap before GC invocations=113 (full 9):
 PSYoungGen      total 640512K, used 610906K [0x00000000d5580000, 0x00000000ffe80000, 0x0000000100000000)
  eden space 589312K, 100% used [0x00000000d5580000,0x00000000f9500000,0x00000000f9500000)
  from space 51200K, 42% used [0x00000000f9500000,0x00000000faa16a10,0x00000000fc700000)
  to   space 48640K, 0% used [0x00000000fcf00000,0x00000000fcf00000,0x00000000ffe80000)
 ParOldGen       total 550400K, used 477899K [0x0000000080000000, 0x00000000a1980000, 0x00000000d5580000)
  object space 550400K, 86% used [0x0000000080000000,0x000000009d2b2db8,0x00000000a1980000)
 Metaspace       used 155496K, capacity 166644K, committed 166936K, reserved 1196032K
  class space    used 19205K, capacity 21170K, committed 21288K, reserved 1048576K
Event: 11430.587 GC heap after
Heap after GC invocations=113 (full 9):
 PSYoungGen      total 641536K, used 21601K [0x00000000d5580000, 0x00000000ff880000, 0x0000000100000000)
  eden space 599040K, 0% used [0x00000000d5580000,0x00000000d5580000,0x00000000f9e80000)
  from space 42496K, 50% used [0x00000000fcf00000,0x00000000fe418480,0x00000000ff880000)
  to   space 46080K, 0% used [0x00000000f9e80000,0x00000000f9e80000,0x00000000fcb80000)
 ParOldGen       total 550400K, used 477899K [0x0000000080000000, 0x00000000a1980000, 0x00000000d5580000)
  object space 550400K, 86% used [0x0000000080000000,0x000000009d2b2db8,0x00000000a1980000)
 Metaspace       used 155496K, capacity 166644K, committed 166936K, reserved 1196032K
  class space    used 19205K, capacity 21170K, committed 21288K, reserved 1048576K
}
Event: 11437.504 GC heap before
{Heap before GC invocations=114 (full 9):
 PSYoungGen      total 641536K, used 620641K [0x00000000d5580000, 0x00000000ff880000, 0x0000000100000000)
  eden space 599040K, 100% used [0x00000000d5580000,0x00000000f9e80000,0x00000000f9e80000)
  from space 42496K, 50% used [0x00000000fcf00000,0x00000000fe418480,0x00000000ff880000)
  to   space 46080K, 0% used [0x00000000f9e80000,0x00000000f9e80000,0x00000000fcb80000)
 ParOldGen       total 550400K, used 477899K [0x0000000080000000, 0x00000000a1980000, 0x00000000d5580000)
  object space 550400K, 86% used [0x0000000080000000,0x000000009d2b2db8,0x00000000a1980000)
 Metaspace       used 155533K, capacity 166714K, committed 166936K, reserved 1196032K
  class space    used 19206K, capacity 21171K, committed 21288K, reserved 1048576K
Event: 11437.597 GC heap after
Heap after GC invocations=114 (full 9):
 PSYoungGen      total 645120K, used 41647K [0x00000000d5580000, 0x0000000100000000, 0x0000000100000000)
  eden space 599040K, 0% used [0x00000000d5580000,0x00000000d5580000,0x00000000f9e80000)
  from space 46080K, 90% used [0x00000000f9e80000,0x00000000fc72bdf8,0x00000000fcb80000)
  to   space 51200K, 0% used [0x00000000fce00000,0x00000000fce00000,0x0000000100000000)
 ParOldGen       total 550400K, used 477907K [0x0000000080000000, 0x00000000a1980000, 0x00000000d5580000)
  object space 550400K, 86% used [0x0000000080000000,0x000000009d2b4db8,0x00000000a1980000)
 Metaspace       used 155533K, capacity 166714K, committed 166936K, reserved 1196032K
  class space    used 19206K, capacity 21171K, committed 21288K, reserved 1048576K
}

